/usr/bin/ruby2.1 -r ./siteconf20150513-7363-115a6fz.rb extconf.rb
creating Makefile

make "DESTDIR=" clean

make "DESTDIR="
compiling html_smartypants.c
compiling stack.c
compiling rc_markdown.c
compiling rc_render.c
compiling autolink.c
compiling houdini_href_e.c
compiling markdown.c
compiling buffer.c
compiling houdini_html_e.c
compiling html.c
html.c: In function ‘rndr_header’:
html.c:290:57: warning: passing argument 1 of ‘header_anchor’ discards ‘const’ qualifier from pointer target type
   bufprintf(ob, "<h%d id=\"%s\">", level, header_anchor(text));
                                                         ^
html.c:268:7: note: expected ‘struct buf *’ but argument is of type ‘const struct buf *’
 char *header_anchor(struct buf *text)
       ^
html.c: In function ‘toc_header’:
html.c:638:51: warning: passing argument 1 of ‘header_anchor’ discards ‘const’ qualifier from pointer target type
   bufprintf(ob, "<a href=\"#%s\">", header_anchor(text));
                                                   ^
html.c:268:7: note: expected ‘struct buf *’ but argument is of type ‘const struct buf *’
 char *header_anchor(struct buf *text)
       ^
linking shared-object redcarpet.so

make "DESTDIR=" install
/usr/bin/install -c -m 0755 redcarpet.so ./.gem.20150513-7363-yhp8q8
installing default redcarpet libraries
