/usr/bin/ruby2.1 -r ./siteconf20150513-7363-12fsnp2.rb extconf.rb
creating Makefile

make "DESTDIR=" clean

make "DESTDIR="
compiling yajl_ext.c
yajl_ext.c: In function ‘rb_yajl_parser_parse’:
yajl_ext.c:471:17: warning: variable ‘stat’ set but not used [-Wunused-but-set-variable]
     yajl_status stat;
                 ^
compiling yajl_alloc.c
compiling yajl.c
compiling yajl_encode.c
compiling yajl_version.c
compiling yajl_lex.c
compiling yajl_gen.c
compiling yajl_parser.c
compiling yajl_buf.c
linking shared-object yajl/yajl.so

make "DESTDIR=" install
/usr/bin/install -c -m 0755 yajl.so ./.gem.20150513-7363-mafln3/yajl
installing default yajl libraries
